<?xml version="1.0" encoding="UTF-8"?>
<testsuite name="DeserializeTest" tests="1" skipped="0" failures="0" errors="0" timestamp="2024-06-05T06:39:55" hostname="toxic-HP-Pavilion-Laptop-15-eg0xxx" time="0.078">
  <properties/>
  <testcase name="test_get_records_from_block" classname="DeserializeTest" time="0.078"/>
  <system-out><![CDATA[Loading file: film_category.csv
Done writing file

Loading file: country.csv
Done writing file

Loading file: address.csv
Done writing file

Loading file: city.csv
Done writing file

Loading file: film_actor.csv
Done writing file

Loading file: language.csv
Done writing file

Loading file: staff.csv
Done writing file

Loading file: film.csv
Done writing file

Loading file: store.csv
Done writing file

Loading file: inventory.csv
Done writing file

Loading file: rental.csv
Done writing file

Loading file: actor.csv
Done writing file

Loading file: payment.csv
Done writing file

Loading file: category.csv
Done writing file

Loading file: customer.csv
Done writing file

Done loading files
Test passed :)
]]></system-out>
  <system-err><![CDATA[]]></system-err>
</testsuite>
